<?xml version="1.0" encoding="UTF-8"?>
<!-- Generated by org.testng.reporters.JUnitReportReporter -->
<testsuite skipped="0" hostname="DESKTOP-M6F4OER" name="org.testng.Pom" tests="3" failures="0" timestamp="30 Jun 2022 04:06:30 GMT" time="135.856" errors="0">
  <testcase name="launchFlipkart" time="14.910" classname="org.testng.Pom"/>
  <testcase name="launchFlipkart" time="69.098" classname="org.testng.Pom"/>
  <testcase name="launchFlipkart" time="51.848" classname="org.testng.Pom"/>
</testsuite> <!-- org.testng.Pom -->
