<?xml version="1.0" encoding="UTF-8"?>
<!-- Generated by org.testng.reporters.JUnitReportReporter -->
<testsuite skipped="0" hostname="DESKTOP-M6F4OER" name="org.testng.B" tests="2" failures="0" timestamp="29 Jun 2022 04:24:03 GMT" time="8.542" errors="0">
  <testcase name="tc01" time="4.105" classname="org.testng.B"/>
  <testcase name="searchHistory" time="4.437" classname="org.testng.B"/>
</testsuite> <!-- org.testng.B -->
