<?xml version="1.0" encoding="UTF-8"?>
<!-- Generated by org.testng.reporters.JUnitReportReporter -->
<testsuite skipped="0" hostname="DESKTOP-M6F4OER" name="org.testng.TestngPractice" tests="2" failures="0" timestamp="27 Jun 2022 03:50:18 GMT" time="0.010" errors="0">
  <testcase name="tc01" time="0.005" classname="org.testng.TestngPractice"/>
  <testcase name="tco2" time="0.005" classname="org.testng.TestngPractice"/>
</testsuite> <!-- org.testng.TestngPractice -->
